<?xml version="1.0" encoding="UTF-8"?>
<robot generator="Robot 6.0.2 (Python 3.11.3 on win32)" generated="20230602 09:49:58.429" rpa="false" schemaversion="3">
<suite id="s1" name="Espace Client" source="C:\Users\amine\PycharmProjects\Ooredoo\Tests\espace_client.robot">
<test id="s1-t1" name="tc1: authentification espace client" line="14">
<kw name="Open espace client">
<kw name="Open Browser" library="SeleniumLibrary">
<arg>${url}</arg>
<arg>${BROWSER 1}</arg>
<doc>Opens a new browser instance to the optional ``url``.</doc>
<msg timestamp="20230602 09:49:58.603" level="INFO">Opening browser 'chrome' to base url 'https://connexion.ooredoo.tn/cas-server/login?service=https://espaceclient.ooredoo.tn/'.</msg>
<status status="PASS" starttime="20230602 09:49:58.603" endtime="20230602 09:50:00.957"/>
</kw>
<kw name="Maximize Browser Window" library="SeleniumLibrary">
<doc>Maximizes current browser window.</doc>
<status status="PASS" starttime="20230602 09:50:00.957" endtime="20230602 09:50:01.084"/>
</kw>
<kw name="Wait Until Element Is Visible" library="SeleniumLibrary">
<arg>css=.region.region-content</arg>
<arg>timeout=10s</arg>
<doc>Waits until the element ``locator`` is visible.</doc>
<status status="PASS" starttime="20230602 09:50:01.084" endtime="20230602 09:50:01.118"/>
</kw>
<status status="PASS" starttime="20230602 09:49:58.602" endtime="20230602 09:50:01.118"/>
</kw>
<kw name="login">
<kw name="Input Text" library="SeleniumLibrary">
<arg>//*[@id="username"]</arg>
<arg>${phone}</arg>
<doc>Types the given ``text`` into the text field identified by ``locator``.</doc>
<msg timestamp="20230602 09:50:01.120" level="INFO">Typing text '24042092' into text field '//*[@id="username"]'.</msg>
<status status="PASS" starttime="20230602 09:50:01.119" endtime="20230602 09:50:01.283"/>
</kw>
<kw name="Input Text" library="SeleniumLibrary">
<arg>//*[@id="password"]</arg>
<arg>${password}</arg>
<doc>Types the given ``text`` into the text field identified by ``locator``.</doc>
<msg timestamp="20230602 09:50:01.284" level="INFO">Typing text '123456' into text field '//*[@id="password"]'.</msg>
<status status="PASS" starttime="20230602 09:50:01.283" endtime="20230602 09:50:01.361"/>
</kw>
<kw name="Click Button" library="SeleniumLibrary">
<arg>//*[@id="edit-actions"]/input[2]</arg>
<doc>Clicks the button identified by ``locator``.</doc>
<msg timestamp="20230602 09:50:01.361" level="INFO">Clicking button '//*[@id="edit-actions"]/input[2]'.</msg>
<status status="PASS" starttime="20230602 09:50:01.361" endtime="20230602 09:50:10.253"/>
</kw>
<status status="PASS" starttime="20230602 09:50:01.119" endtime="20230602 09:50:10.253"/>
</kw>
<status status="PASS" starttime="20230602 09:49:58.602" endtime="20230602 09:50:10.254"/>
</test>
<doc>test suite sur l'espace client</doc>
<status status="PASS" starttime="20230602 09:49:58.430" endtime="20230602 09:50:10.256"/>
</suite>
<statistics>
<total>
<stat pass="1" fail="0" skip="0">All Tests</stat>
</total>
<tag>
</tag>
<suite>
<stat pass="1" fail="0" skip="0" id="s1" name="Espace Client">Espace Client</stat>
</suite>
</statistics>
<errors>
</errors>
</robot>
